# JRE version: OpenJDK Runtime Environment Temurin-17.0.8.1+1 (17.0.8.1+1) (build 17.0.8.1+1)
# Java VM: OpenJDK 64-Bit Server VM Temurin-17.0.8.1+1 (17.0.8.1+1, mixed mode, tiered, compressed oops, compressed class ptrs, parallel gc, windows-amd64)
GC Precious Log:
 CPUs: 4 total, 4 available
 Memory: 8113M
 Large Page Support: Disabled
 NUMA Support: Disabled
 Compressed Oops: Enabled (32-bit)
 Alignments: Space 512K, Generation 512K, Heap 2M
 Heap Min Capacity: 100M
 Heap Initial Capacity: 100M
 Heap Max Capacity: 1G
 Pre-touch: Disabled
 Parallel Workers: 4
Heap:
 PSYoungGen      total 4608K, used 4541K [0x00000000eab00000, 0x00000000eb080000, 0x0000000100000000)
  eden space 4096K, 100% used [0x00000000eab00000,0x00000000eaf00000,0x00000000eaf00000)
  from space 512K, 86% used [0x00000000eb000000,0x00000000eb06f548,0x00000000eb080000)
  to   space 512K, 0% used [0x00000000eaf80000,0x00000000eaf80000,0x00000000eb000000)
 ParOldGen       total 61952K, used 61074K [0x00000000c0000000, 0x00000000c3c80000, 0x00000000eab00000)
  object space 61952K, 98% used [0x00000000c0000000,0x00000000c3ba4ae0,0x00000000c3c80000)
 Metaspace       used 74830K, committed 76032K, reserved 1179648K
  class space    used 7886K, committed 8448K, reserved 1048576K
GC Heap History (20 events):
Event: 130.143 GC heap before
{Heap before GC invocations=862 (full 20):
 PSYoungGen      total 2560K, used 2304K [0x00000000eab00000, 0x00000000eaf80000, 0x0000000100000000)
  eden space 2048K, 100% used [0x00000000eab00000,0x00000000ead00000,0x00000000ead00000)
  from space 512K, 50% used [0x00000000eae00000,0x00000000eae40000,0x00000000eae80000)
  to   space 512K, 0% used [0x00000000eaf00000,0x00000000eaf00000,0x00000000eaf80000)
 ParOldGen       total 61952K, used 51377K [0x00000000c0000000, 0x00000000c3c80000, 0x00000000eab00000)
  object space 61952K, 82% used [0x00000000c0000000,0x00000000c322c578,0x00000000c3c80000)
 Metaspace       used 74236K, committed 75456K, reserved 1179648K
  class space    used 7831K, committed 8384K, reserved 1048576K
}
Event: 130.145 GC heap after
{Heap after GC invocations=862 (full 20):
 PSYoungGen      total 2560K, used 322K [0x00000000eab00000, 0x00000000eaf80000, 0x0000000100000000)
  eden space 2048K, 0% used [0x00000000eab00000,0x00000000eab00000,0x00000000ead00000)
  from space 512K, 62% used [0x00000000eaf00000,0x00000000eaf50860,0x00000000eaf80000)
  to   space 512K, 0% used [0x00000000eae00000,0x00000000eae00000,0x00000000eae80000)
 ParOldGen       total 61952K, used 51593K [0x00000000c0000000, 0x00000000c3c80000, 0x00000000eab00000)
  object space 61952K, 83% used [0x00000000c0000000,0x00000000c3262578,0x00000000c3c80000)
 Metaspace       used 74236K, committed 75456K, reserved 1179648K
  class space    used 7831K, committed 8384K, reserved 1048576K
}
Event: 130.147 GC heap before
{Heap before GC invocations=863 (full 20):
 PSYoungGen      total 2560K, used 2370K [0x00000000eab00000, 0x00000000eaf80000, 0x0000000100000000)
  eden space 2048K, 100% used [0x00000000eab00000,0x00000000ead00000,0x00000000ead00000)
  from space 512K, 62% used [0x00000000eaf00000,0x00000000eaf50860,0x00000000eaf80000)
  to   space 512K, 0% used [0x00000000eae00000,0x00000000eae00000,0x00000000eae80000)
 ParOldGen       total 61952K, used 51593K [0x00000000c0000000, 0x00000000c3c80000, 0x00000000eab00000)
  object space 61952K, 83% used [0x00000000c0000000,0x00000000c3262578,0x00000000c3c80000)
 Metaspace       used 74236K, committed 75456K, reserved 1179648K
  class space    used 7831K, committed 8384K, reserved 1048576K
}
Event: 130.149 GC heap after
{Heap after GC invocations=863 (full 20):
 PSYoungGen      total 3072K, used 256K [0x00000000eab00000, 0x00000000eaf80000, 0x0000000100000000)
  eden space 2560K, 0% used [0x00000000eab00000,0x00000000eab00000,0x00000000ead80000)
  from space 512K, 50% used [0x00000000eae00000,0x00000000eae40000,0x00000000eae80000)
  to   space 512K, 0% used [0x00000000eaf00000,0x00000000eaf00000,0x00000000eaf80000)
 ParOldGen       total 61952K, used 51859K [0x00000000c0000000, 0x00000000c3c80000, 0x00000000eab00000)
  object space 61952K, 83% used [0x00000000c0000000,0x00000000c32a4dd8,0x00000000c3c80000)
 Metaspace       used 74236K, committed 75456K, reserved 1179648K
  class space    used 7831K, committed 8384K, reserved 1048576K
}
Event: 130.154 GC heap before
{Heap before GC invocations=864 (full 20):
 PSYoungGen      total 3072K, used 2816K [0x00000000eab00000, 0x00000000eaf80000, 0x0000000100000000)
  eden space 2560K, 100% used [0x00000000eab00000,0x00000000ead80000,0x00000000ead80000)
  from space 512K, 50% used [0x00000000eae00000,0x00000000eae40000,0x00000000eae80000)
  to   space 512K, 0% used [0x00000000eaf00000,0x00000000eaf00000,0x00000000eaf80000)
 ParOldGen       total 61952K, used 51859K [0x00000000c0000000, 0x00000000c3c80000, 0x00000000eab00000)
  object space 61952K, 83% used [0x00000000c0000000,0x00000000c32a4dd8,0x00000000c3c80000)
 Metaspace       used 74236K, committed 75456K, reserved 1179648K
  class space    used 7831K, committed 8384K, reserved 1048576K
}
Event: 130.156 GC heap after
{Heap after GC invocations=864 (full 20):
 PSYoungGen      total 3584K, used 352K [0x00000000eab00000, 0x00000000eaf80000, 0x0000000100000000)
  eden space 3072K, 0% used [0x00000000eab00000,0x00000000eab00000,0x00000000eae00000)
  from space 512K, 68% used [0x00000000eaf00000,0x00000000eaf58000,0x00000000eaf80000)
  to   space 512K, 0% used [0x00000000eae80000,0x00000000eae80000,0x00000000eaf00000)
 ParOldGen       total 61952K, used 52067K [0x00000000c0000000, 0x00000000c3c80000, 0x00000000eab00000)
  object space 61952K, 84% used [0x00000000c0000000,0x00000000c32d8dd8,0x00000000c3c80000)
 Metaspace       used 74236K, committed 75456K, reserved 1179648K
  class space    used 7831K, committed 8384K, reserved 1048576K
}
Event: 130.164 GC heap before
{Heap before GC invocations=865 (full 20):
 PSYoungGen      total 3584K, used 3424K [0x00000000eab00000, 0x00000000eaf80000, 0x0000000100000000)
  eden space 3072K, 100% used [0x00000000eab00000,0x00000000eae00000,0x00000000eae00000)
  from space 512K, 68% used [0x00000000eaf00000,0x00000000eaf58000,0x00000000eaf80000)
  to   space 512K, 0% used [0x00000000eae80000,0x00000000eae80000,0x00000000eaf00000)
 ParOldGen       total 61952K, used 52067K [0x00000000c0000000, 0x00000000c3c80000, 0x00000000eab00000)
  object space 61952K, 84% used [0x00000000c0000000,0x00000000c32d8dd8,0x00000000c3c80000)
 Metaspace       used 74267K, committed 75456K, reserved 1179648K
  class space    used 7832K, committed 8384K, reserved 1048576K
}
Event: 130.165 GC heap after
{Heap after GC invocations=865 (full 20):
 PSYoungGen      total 4096K, used 288K [0x00000000eab00000, 0x00000000eb000000, 0x0000000100000000)
  eden space 3584K, 0% used [0x00000000eab00000,0x00000000eab00000,0x00000000eae80000)
  from space 512K, 56% used [0x00000000eae80000,0x00000000eaec8000,0x00000000eaf00000)
  to   space 512K, 0% used [0x00000000eaf80000,0x00000000eaf80000,0x00000000eb000000)
 ParOldGen       total 61952K, used 52355K [0x00000000c0000000, 0x00000000c3c80000, 0x00000000eab00000)
  object space 61952K, 84% used [0x00000000c0000000,0x00000000c3320dd8,0x00000000c3c80000)
 Metaspace       used 74267K, committed 75456K, reserved 1179648K
  class space    used 7832K, committed 8384K, reserved 1048576K
}
Event: 130.221 GC heap before
{Heap before GC invocations=866 (full 20):
 PSYoungGen      total 4096K, used 3871K [0x00000000eab00000, 0x00000000eb000000, 0x0000000100000000)
  eden space 3584K, 99% used [0x00000000eab00000,0x00000000eae7fff8,0x00000000eae80000)
  from space 512K, 56% used [0x00000000eae80000,0x00000000eaec8000,0x00000000eaf00000)
  to   space 512K, 0% used [0x00000000eaf80000,0x00000000eaf80000,0x00000000eb000000)
 ParOldGen       total 61952K, used 52355K [0x00000000c0000000, 0x00000000c3c80000, 0x00000000eab00000)
  object space 61952K, 84% used [0x00000000c0000000,0x00000000c3320dd8,0x00000000c3c80000)
 Metaspace       used 74359K, committed 75584K, reserved 1179648K
  class space    used 7842K, committed 8384K, reserved 1048576K
}
Event: 130.224 GC heap after
{Heap after GC invocations=866 (full 20):
 PSYoungGen      total 4096K, used 448K [0x00000000eab00000, 0x00000000eb000000, 0x0000000100000000)
  eden space 3584K, 0% used [0x00000000eab00000,0x00000000eab00000,0x00000000eae80000)
  from space 512K, 87% used [0x00000000eaf80000,0x00000000eaff0000,0x00000000eb000000)
  to   space 512K, 0% used [0x00000000eae80000,0x00000000eae80000,0x00000000eaf00000)
 ParOldGen       total 61952K, used 52595K [0x00000000c0000000, 0x00000000c3c80000, 0x00000000eab00000)
  object space 61952K, 84% used [0x00000000c0000000,0x00000000c335cdd8,0x00000000c3c80000)
 Metaspace       used 74359K, committed 75584K, reserved 1179648K
  class space    used 7842K, committed 8384K, reserved 1048576K
}
Event: 130.230 GC heap before
{Heap before GC invocations=867 (full 20):
 PSYoungGen      total 4096K, used 4032K [0x00000000eab00000, 0x00000000eb000000, 0x0000000100000000)
  eden space 3584K, 100% used [0x00000000eab00000,0x00000000eae80000,0x00000000eae80000)
  from space 512K, 87% used [0x00000000eaf80000,0x00000000eaff0000,0x00000000eb000000)
  to   space 512K, 0% used [0x00000000eae80000,0x00000000eae80000,0x00000000eaf00000)
 ParOldGen       total 61952K, used 52595K [0x00000000c0000000, 0x00000000c3c80000, 0x00000000eab00000)
  object space 61952K, 84% used [0x00000000c0000000,0x00000000c335cdd8,0x00000000c3c80000)
 Metaspace       used 74364K, committed 75584K, reserved 1179648K
  class space    used 7842K, committed 8384K, reserved 1048576K
}
Event: 130.232 GC heap after
{Heap after GC invocations=867 (full 20):
 PSYoungGen      total 4096K, used 416K [0x00000000eab00000, 0x00000000eb080000, 0x0000000100000000)
  eden space 3584K, 0% used [0x00000000eab00000,0x00000000eab00000,0x00000000eae80000)
  from space 512K, 81% used [0x00000000eae80000,0x00000000eaee8000,0x00000000eaf00000)
  to   space 512K, 0% used [0x00000000eb000000,0x00000000eb000000,0x00000000eb080000)
 ParOldGen       total 61952K, used 52979K [0x00000000c0000000, 0x00000000c3c80000, 0x00000000eab00000)
  object space 61952K, 85% used [0x00000000c0000000,0x00000000c33bcdd8,0x00000000c3c80000)
 Metaspace       used 74364K, committed 75584K, reserved 1179648K
  class space    used 7842K, committed 8384K, reserved 1048576K
}
Event: 130.239 GC heap before
{Heap before GC invocations=868 (full 20):
 PSYoungGen      total 4096K, used 4000K [0x00000000eab00000, 0x00000000eb080000, 0x0000000100000000)
  eden space 3584K, 100% used [0x00000000eab00000,0x00000000eae80000,0x00000000eae80000)
  from space 512K, 81% used [0x00000000eae80000,0x00000000eaee8000,0x00000000eaf00000)
  to   space 512K, 0% used [0x00000000eb000000,0x00000000eb000000,0x00000000eb080000)
 ParOldGen       total 61952K, used 52979K [0x00000000c0000000, 0x00000000c3c80000, 0x00000000eab00000)
  object space 61952K, 85% used [0x00000000c0000000,0x00000000c33bcdd8,0x00000000c3c80000)
 Metaspace       used 74364K, committed 75584K, reserved 1179648K
  class space    used 7842K, committed 8384K, reserved 1048576K
}
Event: 130.241 GC heap after
{Heap after GC invocations=868 (full 20):
 PSYoungGen      total 5120K, used 416K [0x00000000eab00000, 0x00000000eb080000, 0x0000000100000000)
  eden space 4608K, 0% used [0x00000000eab00000,0x00000000eab00000,0x00000000eaf80000)
  from space 512K, 81% used [0x00000000eb000000,0x00000000eb068000,0x00000000eb080000)
  to   space 512K, 0% used [0x00000000eaf80000,0x00000000eaf80000,0x00000000eb000000)
 ParOldGen       total 61952K, used 53355K [0x00000000c0000000, 0x00000000c3c80000, 0x00000000eab00000)
  object space 61952K, 86% used [0x00000000c0000000,0x00000000c341add8,0x00000000c3c80000)
 Metaspace       used 74364K, committed 75584K, reserved 1179648K
  class space    used 7842K, committed 8384K, reserved 1048576K
}
Event: 130.247 GC heap before
{Heap before GC invocations=869 (full 20):
 PSYoungGen      total 5120K, used 5024K [0x00000000eab00000, 0x00000000eb080000, 0x0000000100000000)
  eden space 4608K, 100% used [0x00000000eab00000,0x00000000eaf80000,0x00000000eaf80000)
  from space 512K, 81% used [0x00000000eb000000,0x00000000eb068000,0x00000000eb080000)
  to   space 512K, 0% used [0x00000000eaf80000,0x00000000eaf80000,0x00000000eb000000)
 ParOldGen       total 61952K, used 53355K [0x00000000c0000000, 0x00000000c3c80000, 0x00000000eab00000)
  object space 61952K, 86% used [0x00000000c0000000,0x00000000c341add8,0x00000000c3c80000)
 Metaspace       used 74364K, committed 75584K, reserved 1179648K
  class space    used 7842K, committed 8384K, reserved 1048576K
}
Event: 130.249 GC heap after
{Heap after GC invocations=869 (full 20):
 PSYoungGen      total 5120K, used 480K [0x00000000eab00000, 0x00000000eb180000, 0x0000000100000000)
  eden space 4608K, 0% used [0x00000000eab00000,0x00000000eab00000,0x00000000eaf80000)
  from space 512K, 93% used [0x00000000eaf80000,0x00000000eaff8000,0x00000000eb000000)
  to   space 512K, 0% used [0x00000000eb100000,0x00000000eb100000,0x00000000eb180000)
 ParOldGen       total 61952K, used 53715K [0x00000000c0000000, 0x00000000c3c80000, 0x00000000eab00000)
  object space 61952K, 86% used [0x00000000c0000000,0x00000000c3474dd8,0x00000000c3c80000)
 Metaspace       used 74364K, committed 75584K, reserved 1179648K
  class space    used 7842K, committed 8384K, reserved 1048576K
}
Event: 130.294 GC heap before
{Heap before GC invocations=870 (full 20):
 PSYoungGen      total 5120K, used 5088K [0x00000000eab00000, 0x00000000eb180000, 0x0000000100000000)
  eden space 4608K, 100% used [0x00000000eab00000,0x00000000eaf80000,0x00000000eaf80000)
  from space 512K, 93% used [0x00000000eaf80000,0x00000000eaff8000,0x00000000eb000000)
  to   space 512K, 0% used [0x00000000eb100000,0x00000000eb100000,0x00000000eb180000)
 ParOldGen       total 61952K, used 53715K [0x00000000c0000000, 0x00000000c3c80000, 0x00000000eab00000)
  object space 61952K, 86% used [0x00000000c0000000,0x00000000c3474dd8,0x00000000c3c80000)
 Metaspace       used 74364K, committed 75584K, reserved 1179648K
  class space    used 7842K, committed 8384K, reserved 1048576K
}
Event: 130.296 GC heap after
{Heap after GC invocations=870 (full 20):
 PSYoungGen      total 5120K, used 448K [0x00000000eab00000, 0x00000000eb180000, 0x0000000100000000)
  eden space 4608K, 0% used [0x00000000eab00000,0x00000000eab00000,0x00000000eaf80000)
  from space 512K, 87% used [0x00000000eb100000,0x00000000eb170000,0x00000000eb180000)
  to   space 512K, 0% used [0x00000000eaf80000,0x00000000eaf80000,0x00000000eb000000)
 ParOldGen       total 61952K, used 54163K [0x00000000c0000000, 0x00000000c3c80000, 0x00000000eab00000)
  object space 61952K, 87% used [0x00000000c0000000,0x00000000c34e4dd8,0x00000000c3c80000)
 Metaspace       used 74364K, committed 75584K, reserved 1179648K
  class space    used 7842K, committed 8384K, reserved 1048576K
}
Event: 130.307 GC heap before
{Heap before GC invocations=871 (full 20):
 PSYoungGen      total 5120K, used 5056K [0x00000000eab00000, 0x00000000eb180000, 0x0000000100000000)
  eden space 4608K, 100% used [0x00000000eab00000,0x00000000eaf80000,0x00000000eaf80000)
  from space 512K, 87% used [0x00000000eb100000,0x00000000eb170000,0x00000000eb180000)
  to   space 512K, 0% used [0x00000000eaf80000,0x00000000eaf80000,0x00000000eb000000)
 ParOldGen       total 61952K, used 54163K [0x00000000c0000000, 0x00000000c3c80000, 0x00000000eab00000)
  object space 61952K, 87% used [0x00000000c0000000,0x00000000c34e4dd8,0x00000000c3c80000)
 Metaspace       used 74365K, committed 75584K, reserved 1179648K
  class space    used 7842K, committed 8384K, reserved 1048576K
}
Event: 130.309 GC heap after
{Heap after GC invocations=871 (full 20):
 PSYoungGen      total 5120K, used 480K [0x00000000eab00000, 0x00000000eb180000, 0x0000000100000000)
  eden space 4608K, 0% used [0x00000000eab00000,0x00000000eab00000,0x00000000eaf80000)
  from space 512K, 93% used [0x00000000eaf80000,0x00000000eaff8000,0x00000000eb000000)
  to   space 512K, 0% used [0x00000000eb100000,0x00000000eb100000,0x00000000eb180000)
 ParOldGen       total 61952K, used 54819K [0x00000000c0000000, 0x00000000c3c80000, 0x00000000eab00000)
  object space 61952K, 88% used [0x00000000c0000000,0x00000000c3588de8,0x00000000c3c80000)
 Metaspace       used 74365K, committed 75584K, reserved 1179648K
  class space    used 7842K, committed 8384K, reserved 1048576K
}

